<?xml version="1.0" encoding="UTF-8"?>
<!-- Generated by org.testng.reporters.JUnitReportReporter -->
<testsuite hostname="SriOff" failures="0" tests="1" name="com.amz.qa.testcases.AmzonTest" time="13.552" errors="0" timestamp="10 Jun 2021 17:58:55 GMT" skipped="0">
  <testcase classname="com.amz.qa.testcases.AmzonTest" name="searchResults" time="13.552"/>
</testsuite> <!-- com.amz.qa.testcases.AmzonTest -->
